<?xml version="1.0" encoding="UTF-8"?>
<testng-results skipped="0" failed="0" total="1" passed="1">
  <reporter-output>
  </reporter-output>
  <suite name="Default suite" duration-ms="6064" started-at="2022-10-09T11:07:00Z" finished-at="2022-10-09T11:07:06Z">
    <groups>
    </groups>
    <test name="Default test" duration-ms="6064" started-at="2022-10-09T11:07:00Z" finished-at="2022-10-09T11:07:06Z">
      <class name="com.test.Launch">
        <test-method status="PASS" signature="test()[pri:0, instance:com.test.Launch@1f1c7bf6]" name="test" duration-ms="6041" started-at="2022-10-09T16:37:00Z" finished-at="2022-10-09T16:37:06Z">
          <reporter-output>
          </reporter-output>
        </test-method> <!-- test -->
      </class> <!-- com.test.Launch -->
    </test> <!-- Default test -->
  </suite> <!-- Default suite -->
</testng-results>
